2019-05-21 11:20:32,439  INFO [main] ExcelToDb:20 - Database Connection Created
2019-05-21 11:20:32,494  INFO [main] ExcelToDb:38 - Timesheet File(s) Location :  .\TimeSheet
2019-05-21 11:20:32,494  INFO [main] ExcelToDb:44 - Procesing Manikannan TimeSheet
2019-05-21 11:20:33,844  INFO [main] ExcelToDb:75 - ReadExcelPojo [date=01-Apr-2019, project=MD-GSwitch, SubCategory=CR24-Refund, timeInHours=9.0, empName=Manikannan]
2019-05-21 11:20:33,848  INFO [main] ExcelToDb:75 - ReadExcelPojo [date=02-Apr-2019, project=MD-GSwitch, SubCategory=CR24-Refund, timeInHours=9.0, empName=Manikannan]
2019-05-21 11:20:33,850  INFO [main] ExcelToDb:75 - ReadExcelPojo [date=03-Apr-2019, project=MD-GSwitch, SubCategory=Proj GSwitch2.0, timeInHours=9.0, empName=Manikannan]
2019-05-21 11:20:33,854  INFO [main] ExcelToDb:75 - ReadExcelPojo [date=04-Apr-2019, project=MD-GSwitch, SubCategory=Proj GSwitch2.0, timeInHours=9.0, empName=Manikannan]
2019-05-21 11:20:33,858  INFO [main] ExcelToDb:75 - ReadExcelPojo [date=05-Apr-2019, project=MD-GSwitch, SubCategory=Proj GSwitch2.0, timeInHours=5.0, empName=Manikannan]
2019-05-21 11:20:33,859  INFO [main] ExcelToDb:75 - ReadExcelPojo [date=05-Apr-2019, project=MD-GSwitch, SubCategory=Support, timeInHours=4.0, empName=Manikannan]
2019-05-21 11:20:33,884  INFO [main] ExcelToDb:75 - ReadExcelPojo [date=08-Apr-2019, project=ABL-DIV, SubCategory=Proj eWallet, timeInHours=9.0, empName=Manikannan]
2019-05-21 11:20:33,886  INFO [main] ExcelToDb:75 - ReadExcelPojo [date=09-Apr-2019, project=ABL-DIV, SubCategory=Proj eWallet, timeInHours=9.0, empName=Manikannan]
2019-05-21 11:20:33,923  INFO [main] ExcelToDb:75 - ReadExcelPojo [date=10-Apr-2019, project=ABL-DIV, SubCategory=Proj eWallet, timeInHours=9.0, empName=Manikannan]
2019-05-21 11:20:33,926  INFO [main] ExcelToDb:75 - ReadExcelPojo [date=11-Apr-2019, project=ABL-DIV, SubCategory=Proj eWallet, timeInHours=9.0, empName=Manikannan]
2019-05-21 11:20:33,936  INFO [main] ExcelToDb:75 - ReadExcelPojo [date=12-Apr-2019, project=ABL-DIV, SubCategory=Proj eWallet, timeInHours=9.0, empName=Manikannan]
2019-05-21 11:20:33,945  INFO [main] ExcelToDb:75 - ReadExcelPojo [date=15-Apr-2019, project=ABL-DIV, SubCategory=Proj eWallet, timeInHours=10.0, empName=Manikannan]
2019-05-21 11:20:33,948  INFO [main] ExcelToDb:75 - ReadExcelPojo [date=16-Apr-2019, project=ABL-DIV, SubCategory=Proj eWallet, timeInHours=9.0, empName=Manikannan]
2019-05-21 11:20:33,954  INFO [main] ExcelToDb:75 - ReadExcelPojo [date=17-Apr-2019, project=ABL-DIV, SubCategory=Proj eWallet, timeInHours=9.0, empName=Manikannan]
2019-05-21 11:20:33,956  INFO [main] ExcelToDb:75 - ReadExcelPojo [date=18-Apr-2019, project=Leave, SubCategory=Public Holiday, timeInHours=9.0, empName=Manikannan]
2019-05-21 11:20:33,979  INFO [main] ExcelToDb:75 - ReadExcelPojo [date=19-Apr-2019, project=Leave, SubCategory=Public Holiday, timeInHours=9.0, empName=Manikannan]
2019-05-21 11:20:33,988  INFO [main] ExcelToDb:75 - ReadExcelPojo [date=22-Apr-2019, project=MD-GSwitch, SubCategory=Proj GSwitch2.0, timeInHours=10.0, empName=Manikannan]
2019-05-21 11:20:33,991  INFO [main] ExcelToDb:75 - ReadExcelPojo [date=23-Apr-2019, project=ABL-DIV, SubCategory=Proj eWallet, timeInHours=5.0, empName=Manikannan]
2019-05-21 11:20:33,992  INFO [main] ExcelToDb:75 - ReadExcelPojo [date=23-Apr-2019, project=MD-GSwitch, SubCategory=Proj GSwitch2.0, timeInHours=4.0, empName=Manikannan]
2019-05-21 11:20:33,994  INFO [main] ExcelToDb:75 - ReadExcelPojo [date=24-Apr-2019, project=ABL-DIV, SubCategory=Proj eWallet, timeInHours=9.0, empName=Manikannan]
2019-05-21 11:20:34,016  INFO [main] ExcelToDb:75 - ReadExcelPojo [date=25-Apr-2019, project=MD-GSwitch, SubCategory=Proj GSwitch2.0, timeInHours=9.0, empName=Manikannan]
2019-05-21 11:20:34,029  INFO [main] ExcelToDb:75 - ReadExcelPojo [date=26-Apr-2019, project=ABL-DIV, SubCategory=Proj eWallet, timeInHours=4.5, empName=Manikannan]
2019-05-21 11:20:34,036  INFO [main] ExcelToDb:75 - ReadExcelPojo [date=26-Apr-2019, project=MD-GSwitch, SubCategory=Support, timeInHours=4.5, empName=Manikannan]
2019-05-21 11:20:34,059  INFO [main] ExcelToDb:75 - ReadExcelPojo [date=29-Apr-2019, project=ABL-DIV, SubCategory=Proj eWallet, timeInHours=9.0, empName=Manikannan]
2019-05-21 11:20:34,061  INFO [main] ExcelToDb:75 - ReadExcelPojo [date=30-Apr-2019, project=ABL-DIV, SubCategory=Proj eWallet, timeInHours=9.0, empName=Manikannan]
2019-05-21 11:20:34,062  INFO [main] ExcelToDb:79 - Going to Insert in to Databse
2019-05-21 11:20:34,064  INFO [main] ExcelToDb:23 - DB Insert is  inprogress
2019-05-21 11:20:34,155  INFO [main] ExcelToDb:32 - Completed !
